Determining if the pthread_create exist failed with the following output:
Change Dir: /home/ubuntu/catkin_ws/src/02_clustering/CMakeFiles/CMakeTmp

Run Build Command:"/usr/bin/make" "cmTC_75a6b/fast"
/usr/bin/make -f CMakeFiles/cmTC_75a6b.dir/build.make CMakeFiles/cmTC_75a6b.dir/build
make[1]: 디렉터리 '/home/ubuntu/catkin_ws/src/02_clustering/CMakeFiles/CMakeTmp' 들어감
Building C object CMakeFiles/cmTC_75a6b.dir/CheckSymbolExists.c.o
/usr/bin/cc    -o CMakeFiles/cmTC_75a6b.dir/CheckSymbolExists.c.o   -c /home/ubuntu/catkin_ws/src/02_clustering/CMakeFiles/CMakeTmp/CheckSymbolExists.c
Linking C executable cmTC_75a6b
/usr/bin/cmake -E cmake_link_script CMakeFiles/cmTC_75a6b.dir/link.txt --verbose=1
/usr/bin/cc      CMakeFiles/cmTC_75a6b.dir/CheckSymbolExists.c.o  -o cmTC_75a6b 
CMakeFiles/cmTC_75a6b.dir/CheckSymbolExists.c.o: In function `main':
CheckSymbolExists.c:(.text+0x1b): undefined reference to `pthread_create'
collect2: error: ld returned 1 exit status
CMakeFiles/cmTC_75a6b.dir/build.make:97: recipe for target 'cmTC_75a6b' failed
make[1]: *** [cmTC_75a6b] Error 1
make[1]: 디렉터리 '/home/ubuntu/catkin_ws/src/02_clustering/CMakeFiles/CMakeTmp' 나감
Makefile:126: recipe for target 'cmTC_75a6b/fast' failed
make: *** [cmTC_75a6b/fast] Error 2

File /home/ubuntu/catkin_ws/src/02_clustering/CMakeFiles/CMakeTmp/CheckSymbolExists.c:
/* */
#include <pthread.h>

int main(int argc, char** argv)
{
  (void)argv;
#ifndef pthread_create
  return ((int*)(&pthread_create))[argc];
#else
  (void)argc;
  return 0;
#endif
}

Determining if the function pthread_create exists in the pthreads failed with the following output:
Change Dir: /home/ubuntu/catkin_ws/src/02_clustering/CMakeFiles/CMakeTmp

Run Build Command:"/usr/bin/make" "cmTC_55cee/fast"
/usr/bin/make -f CMakeFiles/cmTC_55cee.dir/build.make CMakeFiles/cmTC_55cee.dir/build
make[1]: 디렉터리 '/home/ubuntu/catkin_ws/src/02_clustering/CMakeFiles/CMakeTmp' 들어감
Building C object CMakeFiles/cmTC_55cee.dir/CheckFunctionExists.c.o
/usr/bin/cc   -DCHECK_FUNCTION_EXISTS=pthread_create   -o CMakeFiles/cmTC_55cee.dir/CheckFunctionExists.c.o   -c /usr/share/cmake-3.10/Modules/CheckFunctionExists.c
Linking C executable cmTC_55cee
/usr/bin/cmake -E cmake_link_script CMakeFiles/cmTC_55cee.dir/link.txt --verbose=1
/usr/bin/cc  -DCHECK_FUNCTION_EXISTS=pthread_create    CMakeFiles/cmTC_55cee.dir/CheckFunctionExists.c.o  -o cmTC_55cee -lpthreads 
/usr/bin/ld: cannot find -lpthreads
collect2: error: ld returned 1 exit status
CMakeFiles/cmTC_55cee.dir/build.make:97: recipe for target 'cmTC_55cee' failed
make[1]: *** [cmTC_55cee] Error 1
make[1]: 디렉터리 '/home/ubuntu/catkin_ws/src/02_clustering/CMakeFiles/CMakeTmp' 나감
Makefile:126: recipe for target 'cmTC_55cee/fast' failed
make: *** [cmTC_55cee/fast] Error 2


