Determining if the pthread_create exist failed with the following output:
Change Dir: /home/ubuntu/catkin_ws/src/01_downsampling/CMakeFiles/CMakeTmp

Run Build Command:"/usr/bin/make" "cmTC_f9bfd/fast"
/usr/bin/make -f CMakeFiles/cmTC_f9bfd.dir/build.make CMakeFiles/cmTC_f9bfd.dir/build
make[1]: 디렉터리 '/home/ubuntu/catkin_ws/src/01_downsampling/CMakeFiles/CMakeTmp' 들어감
Building C object CMakeFiles/cmTC_f9bfd.dir/CheckSymbolExists.c.o
/usr/bin/cc    -o CMakeFiles/cmTC_f9bfd.dir/CheckSymbolExists.c.o   -c /home/ubuntu/catkin_ws/src/01_downsampling/CMakeFiles/CMakeTmp/CheckSymbolExists.c
Linking C executable cmTC_f9bfd
/usr/bin/cmake -E cmake_link_script CMakeFiles/cmTC_f9bfd.dir/link.txt --verbose=1
/usr/bin/cc      CMakeFiles/cmTC_f9bfd.dir/CheckSymbolExists.c.o  -o cmTC_f9bfd 
CMakeFiles/cmTC_f9bfd.dir/CheckSymbolExists.c.o: In function `main':
CheckSymbolExists.c:(.text+0x1b): undefined reference to `pthread_create'
collect2: error: ld returned 1 exit status
CMakeFiles/cmTC_f9bfd.dir/build.make:97: recipe for target 'cmTC_f9bfd' failed
make[1]: *** [cmTC_f9bfd] Error 1
make[1]: 디렉터리 '/home/ubuntu/catkin_ws/src/01_downsampling/CMakeFiles/CMakeTmp' 나감
Makefile:126: recipe for target 'cmTC_f9bfd/fast' failed
make: *** [cmTC_f9bfd/fast] Error 2

File /home/ubuntu/catkin_ws/src/01_downsampling/CMakeFiles/CMakeTmp/CheckSymbolExists.c:
/* */
#include <pthread.h>

int main(int argc, char** argv)
{
  (void)argv;
#ifndef pthread_create
  return ((int*)(&pthread_create))[argc];
#else
  (void)argc;
  return 0;
#endif
}

Determining if the function pthread_create exists in the pthreads failed with the following output:
Change Dir: /home/ubuntu/catkin_ws/src/01_downsampling/CMakeFiles/CMakeTmp

Run Build Command:"/usr/bin/make" "cmTC_c9b8f/fast"
/usr/bin/make -f CMakeFiles/cmTC_c9b8f.dir/build.make CMakeFiles/cmTC_c9b8f.dir/build
make[1]: 디렉터리 '/home/ubuntu/catkin_ws/src/01_downsampling/CMakeFiles/CMakeTmp' 들어감
Building C object CMakeFiles/cmTC_c9b8f.dir/CheckFunctionExists.c.o
/usr/bin/cc   -DCHECK_FUNCTION_EXISTS=pthread_create   -o CMakeFiles/cmTC_c9b8f.dir/CheckFunctionExists.c.o   -c /usr/share/cmake-3.10/Modules/CheckFunctionExists.c
Linking C executable cmTC_c9b8f
/usr/bin/cmake -E cmake_link_script CMakeFiles/cmTC_c9b8f.dir/link.txt --verbose=1
/usr/bin/cc  -DCHECK_FUNCTION_EXISTS=pthread_create    CMakeFiles/cmTC_c9b8f.dir/CheckFunctionExists.c.o  -o cmTC_c9b8f -lpthreads 
/usr/bin/ld: cannot find -lpthreads
collect2: error: ld returned 1 exit status
CMakeFiles/cmTC_c9b8f.dir/build.make:97: recipe for target 'cmTC_c9b8f' failed
make[1]: *** [cmTC_c9b8f] Error 1
make[1]: 디렉터리 '/home/ubuntu/catkin_ws/src/01_downsampling/CMakeFiles/CMakeTmp' 나감
Makefile:126: recipe for target 'cmTC_c9b8f/fast' failed
make: *** [cmTC_c9b8f/fast] Error 2


